TN:
SF:src/app.js
FN:31,(anonymous_0)
FN:33,(anonymous_1)
FN:43,(anonymous_2)
FN:47,(anonymous_3)
FN:52,(anonymous_4)
FN:56,(anonymous_5)
FN:72,(anonymous_6)
FN:73,(anonymous_7)
FN:80,(anonymous_8)
FN:81,(anonymous_9)
FN:88,(anonymous_10)
FNF:11
FNH:6
FNDA:4,(anonymous_0)
FNDA:4,(anonymous_1)
FNDA:1,(anonymous_2)
FNDA:0,(anonymous_3)
FNDA:1,(anonymous_4)
FNDA:2,(anonymous_5)
FNDA:0,(anonymous_6)
FNDA:0,(anonymous_7)
FNDA:0,(anonymous_8)
FNDA:0,(anonymous_9)
FNDA:1,(anonymous_10)
DA:1,1
DA:2,1
DA:3,1
DA:4,1
DA:6,1
DA:11,1
DA:12,1
DA:14,1
DA:21,1
DA:27,1
DA:28,1
DA:29,1
DA:31,1
DA:32,4
DA:33,4
DA:34,4
DA:35,4
DA:37,4
DA:40,1
DA:41,1
DA:43,1
DA:44,1
DA:47,1
DA:48,0
DA:49,0
DA:52,1
DA:53,1
DA:56,1
DA:57,2
DA:58,2
DA:59,1
DA:66,1
DA:67,1
DA:68,1
DA:69,1
DA:72,1
DA:73,0
DA:74,0
DA:75,0
DA:76,0
DA:77,0
DA:80,1
DA:81,0
DA:82,0
DA:83,0
DA:84,0
DA:87,1
DA:88,1
DA:89,1
DA:92,1
LF:50
LH:39
BRDA:58,0,0,1
BRDA:58,0,1,1
BRDA:62,1,0,1
BRDA:62,1,1,1
BRDA:74,2,0,0
BRDA:74,2,1,0
BRDA:75,3,0,0
BRDA:75,3,1,0
BRDA:76,4,0,0
BRDA:76,4,1,0
BRDA:82,5,0,0
BRDA:82,5,1,0
BRDA:87,6,0,1
BRDA:87,6,1,1
BRF:14
BRH:6
end_of_record
